<?xml version="1.0" encoding="UTF-8"?>
<testng-results ignored="0" total="5" passed="4" failed="1" skipped="0">
  <reporter-output>
    <line>
      <![CDATA[<img src='file://D:\TestScreenshoot\20220615_225122.png'height="500" width="1100"/>]]>
    </line>
    <line>
      <![CDATA[<img src='file://D:\TestScreenshoot\20220615_225124.png'height="500" width="1100"/>]]>
    </line>
    <line>
      <![CDATA[<img src='file://D:\TestScreenshoot\20220615_225126.png'height="500" width="1100"/>]]>
    </line>
    <line>
      <![CDATA[<img src='file://D:\TestScreenshoot\20220615_225128.png'height="500" width="1100"/>]]>
    </line>
    <line>
      <![CDATA[<img src='file://D:\TestScreenshoot\20220615_225130.png'height="500" width="1100"/>]]>
    </line>
  </reporter-output>
  <suite started-at="2022-06-15T22:51:15 ICT" name="Default suite" finished-at="2022-06-15T22:51:30 ICT" duration-ms="14229">
    <groups>
    </groups>
    <test started-at="2022-06-15T22:51:15 ICT" name="Default test" finished-at="2022-06-15T22:51:30 ICT" duration-ms="14229">
      <class name="com.nexsoft.cicool.TestLoginUser">
        <test-method is-config="true" signature="init()[pri:0, instance:com.nexsoft.cicool.TestLoginUser@18df8434]" started-at="2022-06-15T22:51:15 ICT" name="init" finished-at="2022-06-15T22:51:18 ICT" duration-ms="2885" status="PASS">
          <reporter-output>
          </reporter-output>
        </test-method> <!-- init -->
        <test-method is-config="true" signature="cekSession()[pri:0, instance:com.nexsoft.cicool.TestLoginUser@18df8434]" started-at="2022-06-15T22:51:18 ICT" name="cekSession" finished-at="2022-06-15T22:51:19 ICT" duration-ms="326" status="PASS">
          <reporter-output>
          </reporter-output>
        </test-method> <!-- cekSession -->
        <test-method signature="testLoginWithValidUserAndPassword()[pri:1, instance:com.nexsoft.cicool.TestLoginUser@18df8434]" started-at="2022-06-15T22:51:19 ICT" name="testLoginWithValidUserAndPassword" finished-at="2022-06-15T22:51:22 ICT" duration-ms="3174" status="PASS">
          <reporter-output>
            <line>
              <![CDATA[<img src='file://D:\TestScreenshoot\20220615_225122.png'height="500" width="1100"/>]]>
            </line>
          </reporter-output>
        </test-method> <!-- testLoginWithValidUserAndPassword -->
        <test-method is-config="true" signature="cekSession()[pri:0, instance:com.nexsoft.cicool.TestLoginUser@18df8434]" started-at="2022-06-15T22:51:22 ICT" name="cekSession" finished-at="2022-06-15T22:51:22 ICT" duration-ms="332" status="PASS">
          <reporter-output>
          </reporter-output>
        </test-method> <!-- cekSession -->
        <test-method signature="testLoginWithValidUserAndInvalidPassword()[pri:2, instance:com.nexsoft.cicool.TestLoginUser@18df8434]" started-at="2022-06-15T22:51:22 ICT" name="testLoginWithValidUserAndInvalidPassword" finished-at="2022-06-15T22:51:24 ICT" duration-ms="2120" status="FAIL">
          <exception class="org.openqa.selenium.NoSuchElementException">
            <message>
              <![CDATA[no such element: Unable to locate element: {"method":"xpath","selector":"//p[normalize-space()='E-mail Address and Password do not match.']"}
  (Session info: chrome=102.0.5005.115)
For documentation on this error, please visit: https://selenium.dev/exceptions/#no_such_element
Build info: version: '4.0.0', revision: '3a21814679'
System info: host: 'LAPTOP-O6UDEKEP', ip: '192.168.88.199', os.name: 'Windows 11', os.arch: 'amd64', os.version: '10.0', java.version: '17.0.2'
Driver info: org.openqa.selenium.chrome.ChromeDriver
Command: [250584d906d490d7bc7efaa8a3caeed0, findElement {using=xpath, value=//p[normalize-space()='E-mail Address and Password do not match.']}]
Capabilities {acceptInsecureCerts: false, browserName: chrome, browserVersion: 102.0.5005.115, chrome: {chromedriverVersion: 102.0.5005.61 (0e59bcc00cc4..., userDataDir: C:\Users\Nexsoft\AppData\Lo...}, goog:chromeOptions: {debuggerAddress: localhost:52385}, javascriptEnabled: true, networkConnectionEnabled: false, pageLoadStrategy: normal, platform: WINDOWS, platformName: WINDOWS, proxy: Proxy(), se:cdp: ws://localhost:52385/devtoo..., se:cdpVersion: 102.0.5005.115, setWindowRect: true, strictFileInteractability: false, timeouts: {implicit: 0, pageLoad: 300000, script: 30000}, unhandledPromptBehavior: dismiss and notify, webauthn:extension:credBlob: true, webauthn:extension:largeBlob: true, webauthn:virtualAuthenticators: true}
Session ID: 250584d906d490d7bc7efaa8a3caeed0]]>
            </message>
            <full-stacktrace>
              <![CDATA[org.openqa.selenium.NoSuchElementException: no such element: Unable to locate element: {"method":"xpath","selector":"//p[normalize-space()='E-mail Address and Password do not match.']"}
  (Session info: chrome=102.0.5005.115)
For documentation on this error, please visit: https://selenium.dev/exceptions/#no_such_element
Build info: version: '4.0.0', revision: '3a21814679'
System info: host: 'LAPTOP-O6UDEKEP', ip: '192.168.88.199', os.name: 'Windows 11', os.arch: 'amd64', os.version: '10.0', java.version: '17.0.2'
Driver info: org.openqa.selenium.chrome.ChromeDriver
Command: [250584d906d490d7bc7efaa8a3caeed0, findElement {using=xpath, value=//p[normalize-space()='E-mail Address and Password do not match.']}]
Capabilities {acceptInsecureCerts: false, browserName: chrome, browserVersion: 102.0.5005.115, chrome: {chromedriverVersion: 102.0.5005.61 (0e59bcc00cc4..., userDataDir: C:\Users\Nexsoft\AppData\Lo...}, goog:chromeOptions: {debuggerAddress: localhost:52385}, javascriptEnabled: true, networkConnectionEnabled: false, pageLoadStrategy: normal, platform: WINDOWS, platformName: WINDOWS, proxy: Proxy(), se:cdp: ws://localhost:52385/devtoo..., se:cdpVersion: 102.0.5005.115, setWindowRect: true, strictFileInteractability: false, timeouts: {implicit: 0, pageLoad: 300000, script: 30000}, unhandledPromptBehavior: dismiss and notify, webauthn:extension:credBlob: true, webauthn:extension:largeBlob: true, webauthn:virtualAuthenticators: true}
Session ID: 250584d906d490d7bc7efaa8a3caeed0
at java.base/jdk.internal.reflect.NativeConstructorAccessorImpl.newInstance0(Native Method)
at java.base/jdk.internal.reflect.NativeConstructorAccessorImpl.newInstance(NativeConstructorAccessorImpl.java:77)
at java.base/jdk.internal.reflect.DelegatingConstructorAccessorImpl.newInstance(DelegatingConstructorAccessorImpl.java:45)
at java.base/java.lang.reflect.Constructor.newInstanceWithCaller(Constructor.java:499)
at java.base/java.lang.reflect.Constructor.newInstance(Constructor.java:480)
at org.openqa.selenium.remote.codec.w3c.W3CHttpResponseCodec.createException(W3CHttpResponseCodec.java:200)
at org.openqa.selenium.remote.codec.w3c.W3CHttpResponseCodec.decode(W3CHttpResponseCodec.java:133)
at org.openqa.selenium.remote.codec.w3c.W3CHttpResponseCodec.decode(W3CHttpResponseCodec.java:53)
at org.openqa.selenium.remote.HttpCommandExecutor.execute(HttpCommandExecutor.java:184)
at org.openqa.selenium.remote.service.DriverCommandExecutor.invokeExecute(DriverCommandExecutor.java:164)
at org.openqa.selenium.remote.service.DriverCommandExecutor.execute(DriverCommandExecutor.java:139)
at org.openqa.selenium.remote.RemoteWebDriver.execute(RemoteWebDriver.java:559)
at org.openqa.selenium.remote.ElementLocation$ElementFinder$2.findElement(ElementLocation.java:162)
at org.openqa.selenium.remote.ElementLocation.findElement(ElementLocation.java:60)
at org.openqa.selenium.remote.RemoteWebDriver.findElement(RemoteWebDriver.java:383)
at org.openqa.selenium.remote.RemoteWebDriver.findElement(RemoteWebDriver.java:375)
at org.openqa.selenium.support.pagefactory.DefaultElementLocator.findElement(DefaultElementLocator.java:70)
at org.openqa.selenium.support.pagefactory.internal.LocatingElementHandler.invoke(LocatingElementHandler.java:39)
at jdk.proxy2/jdk.proxy2.$Proxy16.getText(Unknown Source)
at com.nexsoft.cicool.SignInPage.getErrorPassword(SignInPage.java:56)
at com.nexsoft.cicool.TestLoginUser.testLoginWithValidUserAndInvalidPassword(TestLoginUser.java:104)
at java.base/jdk.internal.reflect.NativeMethodAccessorImpl.invoke0(Native Method)
at java.base/jdk.internal.reflect.NativeMethodAccessorImpl.invoke(NativeMethodAccessorImpl.java:77)
at java.base/jdk.internal.reflect.DelegatingMethodAccessorImpl.invoke(DelegatingMethodAccessorImpl.java:43)
at java.base/java.lang.reflect.Method.invoke(Method.java:568)
at org.testng.internal.invokers.MethodInvocationHelper.invokeMethod(MethodInvocationHelper.java:139)
at org.testng.internal.invokers.TestInvoker.invokeMethod(TestInvoker.java:677)
at org.testng.internal.invokers.TestInvoker.invokeTestMethod(TestInvoker.java:221)
at org.testng.internal.invokers.MethodRunner.runInSequence(MethodRunner.java:50)
at org.testng.internal.invokers.TestInvoker$MethodInvocationAgent.invoke(TestInvoker.java:962)
at org.testng.internal.invokers.TestInvoker.invokeTestMethods(TestInvoker.java:194)
at org.testng.internal.invokers.TestMethodWorker.invokeTestMethods(TestMethodWorker.java:148)
at org.testng.internal.invokers.TestMethodWorker.run(TestMethodWorker.java:128)
at java.base/java.util.ArrayList.forEach(ArrayList.java:1511)
at org.testng.TestRunner.privateRun(TestRunner.java:806)
at org.testng.TestRunner.run(TestRunner.java:601)
at org.testng.SuiteRunner.runTest(SuiteRunner.java:433)
at org.testng.SuiteRunner.runSequentially(SuiteRunner.java:427)
at org.testng.SuiteRunner.privateRun(SuiteRunner.java:387)
at org.testng.SuiteRunner.run(SuiteRunner.java:330)
at org.testng.SuiteRunnerWorker.runSuite(SuiteRunnerWorker.java:52)
at org.testng.SuiteRunnerWorker.run(SuiteRunnerWorker.java:95)
at org.testng.TestNG.runSuitesSequentially(TestNG.java:1256)
at org.testng.TestNG.runSuitesLocally(TestNG.java:1176)
at org.testng.TestNG.runSuites(TestNG.java:1099)
at org.testng.TestNG.run(TestNG.java:1067)
at org.testng.remote.AbstractRemoteTestNG.run(AbstractRemoteTestNG.java:115)
at org.testng.remote.RemoteTestNG.initAndRun(RemoteTestNG.java:251)
at org.testng.remote.RemoteTestNG.main(RemoteTestNG.java:77)
]]>
            </full-stacktrace>
          </exception> <!-- org.openqa.selenium.NoSuchElementException -->
          <reporter-output>
            <line>
              <![CDATA[<img src='file://D:\TestScreenshoot\20220615_225124.png'height="500" width="1100"/>]]>
            </line>
          </reporter-output>
        </test-method> <!-- testLoginWithValidUserAndInvalidPassword -->
        <test-method is-config="true" signature="cekSession()[pri:0, instance:com.nexsoft.cicool.TestLoginUser@18df8434]" started-at="2022-06-15T22:51:24 ICT" name="cekSession" finished-at="2022-06-15T22:51:25 ICT" duration-ms="288" status="PASS">
          <reporter-output>
          </reporter-output>
        </test-method> <!-- cekSession -->
        <test-method signature="testLoginWithInvalidUserAndValidPassword()[pri:3, instance:com.nexsoft.cicool.TestLoginUser@18df8434]" started-at="2022-06-15T22:51:25 ICT" name="testLoginWithInvalidUserAndValidPassword" finished-at="2022-06-15T22:51:26 ICT" duration-ms="1603" status="PASS">
          <reporter-output>
            <line>
              <![CDATA[<img src='file://D:\TestScreenshoot\20220615_225126.png'height="500" width="1100"/>]]>
            </line>
          </reporter-output>
        </test-method> <!-- testLoginWithInvalidUserAndValidPassword -->
        <test-method is-config="true" signature="cekSession()[pri:0, instance:com.nexsoft.cicool.TestLoginUser@18df8434]" started-at="2022-06-15T22:51:26 ICT" name="cekSession" finished-at="2022-06-15T22:51:27 ICT" duration-ms="308" status="PASS">
          <reporter-output>
          </reporter-output>
        </test-method> <!-- cekSession -->
        <test-method signature="testLoginWithEmptyUserAndPassword()[pri:4, instance:com.nexsoft.cicool.TestLoginUser@18df8434]" started-at="2022-06-15T22:51:27 ICT" name="testLoginWithEmptyUserAndPassword" finished-at="2022-06-15T22:51:28 ICT" duration-ms="1467" status="PASS">
          <reporter-output>
            <line>
              <![CDATA[<img src='file://D:\TestScreenshoot\20220615_225128.png'height="500" width="1100"/>]]>
            </line>
          </reporter-output>
        </test-method> <!-- testLoginWithEmptyUserAndPassword -->
        <test-method is-config="true" signature="cekSession()[pri:0, instance:com.nexsoft.cicool.TestLoginUser@18df8434]" started-at="2022-06-15T22:51:28 ICT" name="cekSession" finished-at="2022-06-15T22:51:28 ICT" duration-ms="341" status="PASS">
          <reporter-output>
          </reporter-output>
        </test-method> <!-- cekSession -->
        <test-method signature="testLoginForgotPassword()[pri:5, instance:com.nexsoft.cicool.TestLoginUser@18df8434]" started-at="2022-06-15T22:51:28 ICT" name="testLoginForgotPassword" finished-at="2022-06-15T22:51:30 ICT" duration-ms="1331" status="PASS">
          <reporter-output>
            <line>
              <![CDATA[<img src='file://D:\TestScreenshoot\20220615_225130.png'height="500" width="1100"/>]]>
            </line>
          </reporter-output>
        </test-method> <!-- testLoginForgotPassword -->
      </class> <!-- com.nexsoft.cicool.TestLoginUser -->
    </test> <!-- Default test -->
  </suite> <!-- Default suite -->
</testng-results>
